[www.svetmightandmagic.cz/mmvii/mmvii_index.html]
[backblue.gif]
[fade.gif]
[index.html]
[www.svetmightandmagic.cz/styl.css]
[www.svetmightandmagic.cz/images/tl_mmi.png]
[www.svetmightandmagic.cz/images/tl_mmii.png]
[www.svetmightandmagic.cz/images/tl_mmiii.png]
[www.svetmightandmagic.cz/images/tl_mmw.png]
[www.svetmightandmagic.cz/images/tl_mms.png]
[www.svetmightandmagic.cz/images/tl_mmvi.png]
[www.svetmightandmagic.cz/images/tl_mmvii_a.png]
[www.svetmightandmagic.cz/images/tl_mmviii.png]
[www.svetmightandmagic.cz/images/tl_mmix.png]
[www.svetmightandmagic.cz/images/tl_cmm.png]
[www.svetmightandmagic.cz/mmvii/mmvii_recenze.html]
[www.svetmightandmagic.cz/mmvii/mmvii_prolog.html]
[www.svetmightandmagic.cz/mmvii/mmvii_manual.html]
[www.svetmightandmagic.cz/mmvii/mmvii_pribehcs.html]
[www.svetmightandmagic.cz/mmvii/mmvii_pribehct.html]
[www.svetmightandmagic.cz/mmvii/mmvii_vlastnosti.html]
[www.svetmightandmagic.cz/mmvii/mmvii_dovednosti.html]
[www.svetmightandmagic.cz/mmvii/mmvii_povolani.html]
[www.svetmightandmagic.cz/mmvii/mmvii_levely.html]
[www.svetmightandmagic.cz/mmvii/mmvii_ucitele.html]
[www.svetmightandmagic.cz/mmvii/mmvii_alchymie.html]
[www.svetmightandmagic.cz/mmvii/mmvii_obchodovani.html]
[www.svetmightandmagic.cz/mmvii/mmvii_cechy.html]
[www.svetmightandmagic.cz/mmvii/mmvii_npc.html]
[www.svetmightandmagic.cz/mmvii/mmvii_bestiar.html]
[www.svetmightandmagic.cz/mmvii/mmvii_zbrane.html]
[www.svetmightandmagic.cz/mmvii/mmvii_zbroje.html]
[www.svetmightandmagic.cz/mmvii/mmvii_ostatni.html]
[www.svetmightandmagic.cz/mmvii/mmvii_artefakty.html]
[www.svetmightandmagic.cz/mmvii/mmvii_relikvie.html]
[www.svetmightandmagic.cz/mmvii/mmvii_specialpred.html]
[www.svetmightandmagic.cz/mmvii/mmvii_bonusy.html]
[www.svetmightandmagic.cz/mmvii/mmvii_ruda.html]
[www.svetmightandmagic.cz/mmvii/mmvii_svitky.html]
[www.svetmightandmagic.cz/mmvii/mmvii_kouzla_seznam.html]
[www.svetmightandmagic.cz/mmvii/mmvii_kouzla2c90.html]
[www.svetmightandmagic.cz/mmvii/mmvii_kouzla7c76.html]
[www.svetmightandmagic.cz/mmvii/mmvii_kouzlaeccb.html]
[www.svetmightandmagic.cz/mmvii/mmvii_kouzla8b1c.html]
[www.svetmightandmagic.cz/mmvii/mmvii_kouzlac5ea.html]
[www.svetmightandmagic.cz/mmvii/mmvii_kouzlac5ce.html]
[www.svetmightandmagic.cz/mmvii/mmvii_kouzla18b5.html]
[www.svetmightandmagic.cz/mmvii/mmvii_kouzla1935.html]
[www.svetmightandmagic.cz/mmvii/mmvii_kouzla9b34.html]
[www.svetmightandmagic.cz/mmvii/mmvii_mapy.html]
[www.svetmightandmagic.cz/mmvii/mmvii_mestskabrana.html]
[www.svetmightandmagic.cz/mmvii/mmvii_cestovani.html]
[www.svetmightandmagic.cz/mmvii/mmvii_vmapa.html]
[www.svetmightandmagic.cz/mmvii/mmvii_respawn.html]
[www.svetmightandmagic.cz/mmvii/mmvii_navod.html]
[www.svetmightandmagic.cz/mmvii/mmvii_ukoly.html]
[www.svetmightandmagic.cz/mmvii/mmvii_sifra.html]
[www.svetmightandmagic.cz/mmvii/mmvii_malwick.html]
[www.svetmightandmagic.cz/mmvii/mmvii_mcechy.html]
[www.svetmightandmagic.cz/mmvii/mmvii_hadanka.html]
[www.svetmightandmagic.cz/mmvii/mmvii_hry.html]
[www.svetmightandmagic.cz/mmvii/mmvii_piedestaly.html]
[www.svetmightandmagic.cz/mmvii/mmvii_studny.html]
[www.svetmightandmagic.cz/mmvii/mmvii_jidlo.html]
[www.svetmightandmagic.cz/mmvii/mmvii_arcomage.html]
[www.svetmightandmagic.cz/mmvii/mmvii_prekupnici.html]
[www.svetmightandmagic.cz/mmvii/mmvii_lampy.html]
[www.svetmightandmagic.cz/mmvii/mmvii_svatyne.html]
[www.svetmightandmagic.cz/mmvii/mmvii_cas.html]
[www.svetmightandmagic.cz/mmvii/mmvii_tipdruidi.html]
[www.svetmightandmagic.cz/mmvii/mmvii_zajimavosti.html]
[www.svetmightandmagic.cz/mmvii/mmvii_index.html]
[www.svetmightandmagic.cz/images/palmy.jpg]
[www.svetmightandmagic.cz/images/podklad.png]
[www.svetmightandmagic.cz/images/horni.jpg]
[www.svetmightandmagic.cz/images/menu_leve.jpg]
[www.svetmightandmagic.cz/images/lista_01.jpg]
[www.svetmightandmagic.cz/images/lista_02.jpg]
[www.svetmightandmagic.cz/images/lista_03.jpg]
[www.svetmightandmagic.cz/images/lista_04.jpg]
[www.svetmightandmagic.cz/images/lista_05.jpg]
[www.svetmightandmagic.cz/images/lista_06.jpg]
[www.svetmightandmagic.cz/images/lista_07.jpg]
[www.svetmightandmagic.cz/images/lista_08.jpg]
[www.svetmightandmagic.cz/images/copyright.jpg]
[www.svetmightandmagic.cz/styl.css]
[www.svetmightandmagic.cz/mmvii/mmvii_obrazkys1e5a.html]
[www.svetmightandmagic.cz/mmvii/obrazky/screenshoty/mmvii_screen01s.jpg]
[www.svetmightandmagic.cz/mmvii/mmvii_obrazkys3c02.html]
[www.svetmightandmagic.cz/mmvii/obrazky/screenshoty/mmvii_screen02s.jpg]
[www.svetmightandmagic.cz/mmvii/mmvii_obrazkysba4c.html]
[www.svetmightandmagic.cz/mmvii/obrazky/screenshoty/mmvii_screen03s.jpg]
[www.svetmightandmagic.cz/mmvii/mmvii_obrazkysa32b.html]
[www.svetmightandmagic.cz/mmvii/obrazky/screenshoty/mmvii_screen04s.jpg]
[www.svetmightandmagic.cz/mmvii/mmvii_obrazkys7cd1.html]
[www.svetmightandmagic.cz/mmvii/obrazky/screenshoty/mmvii_screen05s.jpg]
[www.svetmightandmagic.cz/mmvii/mmvii_obrazkysaca2.html]
[www.svetmightandmagic.cz/mmvii/obrazky/screenshoty/mmvii_screen06s.jpg]
[www.svetmightandmagic.cz/mmvii/mmvii_obrazkys6882.html]
[www.svetmightandmagic.cz/mmvii/obrazky/screenshoty/mmvii_screen07s.jpg]
[www.svetmightandmagic.cz/mmvii/mmvii_obrazkysc45d.html]
[www.svetmightandmagic.cz/mmvii/obrazky/screenshoty/mmvii_screen08s.jpg]
[www.svetmightandmagic.cz/mmvii/mmvii_recenze.html]
[www.svetmightandmagic.cz/mmvii/mmvii_prolog.html]
[www.svetmightandmagic.cz/mmvii/mmvii_manual.html]
[www.svetmightandmagic.cz/mmvii/mmvii_pribehcs.html]
[www.svetmightandmagic.cz/mmvii/mmvii_pribehct.html]
[www.svetmightandmagic.cz/mmvii/mmvii_vlastnosti.html]
[www.svetmightandmagic.cz/mmvii/mmvii_dovednosti.html]
[www.svetmightandmagic.cz/mmvii/new_window.js]
[www.svetmightandmagic.cz/mmvii/mmvii_tab01.html]
[www.svetmightandmagic.cz/mmvii/mmvii_povolani.html]
[www.svetmightandmagic.cz/mmvii/mmvii_levely.html]
[www.svetmightandmagic.cz/mmvii/mmvii_ucitele.html]
[www.svetmightandmagic.cz/mmvii/obrazky/alchymie/item141.png]
[www.svetmightandmagic.cz/mmvii/obrazky/alchymie/item144.png]
[www.svetmightandmagic.cz/mmvii/obrazky/alchymie/item145.png]
[www.svetmightandmagic.cz/mmvii/obrazky/alchymie/item200.png]
[www.svetmightandmagic.cz/mmvii/obrazky/alchymie/item147.png]
[www.svetmightandmagic.cz/mmvii/obrazky/alchymie/item140.png]
[www.svetmightandmagic.cz/mmvii/obrazky/alchymie/item148.png]
[www.svetmightandmagic.cz/mmvii/obrazky/alchymie/item149.png]
[www.svetmightandmagic.cz/mmvii/obrazky/alchymie/item150.png]
[www.svetmightandmagic.cz/mmvii/obrazky/alchymie/item151.png]
[www.svetmightandmagic.cz/mmvii/obrazky/alchymie/item143.png]
[www.svetmightandmagic.cz/mmvii/obrazky/alchymie/item152.png]
[www.svetmightandmagic.cz/mmvii/obrazky/alchymie/item153.png]
[www.svetmightandmagic.cz/mmvii/obrazky/alchymie/item201.png]
[www.svetmightandmagic.cz/mmvii/obrazky/alchymie/item155.png]
[www.svetmightandmagic.cz/mmvii/obrazky/alchymie/item142.png]
[www.svetmightandmagic.cz/mmvii/obrazky/alchymie/item156.png]
[www.svetmightandmagic.cz/mmvii/obrazky/alchymie/item157.png]
[www.svetmightandmagic.cz/mmvii/obrazky/alchymie/item158.png]
[www.svetmightandmagic.cz/mmvii/obrazky/alchymie/item159.png]
[www.svetmightandmagic.cz/mmvii/obrazky/alchymie/item164.png]
[www.svetmightandmagic.cz/mmvii/obrazky/alchymie/item160.png]
[www.svetmightandmagic.cz/mmvii/obrazky/alchymie/item166.png]
[www.svetmightandmagic.cz/mmvii/obrazky/alchymie/item162.png]
[www.svetmightandmagic.cz/mmvii/obrazky/alchymie/item167.png]
[www.svetmightandmagic.cz/mmvii/obrazky/alchymie/item168.png]
[www.svetmightandmagic.cz/mmvii/obrazky/alchymie/item161.png]
[www.svetmightandmagic.cz/mmvii/obrazky/alchymie/item171.png]
[www.svetmightandmagic.cz/mmvii/obrazky/alchymie/item180.png]
[www.svetmightandmagic.cz/mmvii/obrazky/alchymie/item177.png]
[www.svetmightandmagic.cz/mmvii/obrazky/alchymie/item169.png]
[www.svetmightandmagic.cz/mmvii/obrazky/alchymie/item170.png]
[www.svetmightandmagic.cz/mmvii/obrazky/alchymie/item172.png]
[www.svetmightandmagic.cz/mmvii/obrazky/alchymie/item174.png]
[www.svetmightandmagic.cz/mmvii/obrazky/alchymie/item179.png]
[www.svetmightandmagic.cz/mmvii/obrazky/alchymie/item178.png]
[www.svetmightandmagic.cz/mmvii/obrazky/alchymie/item173.png]
[www.svetmightandmagic.cz/mmvii/obrazky/alchymie/item175.png]
[www.svetmightandmagic.cz/mmvii/obrazky/alchymie/item176.png]
[www.svetmightandmagic.cz/mmvii/obrazky/alchymie/item163.png]
[www.svetmightandmagic.cz/mmvii/obrazky/alchymie/item165.png]
[www.svetmightandmagic.cz/mmvii/mmvii_alchymie.html]
[www.svetmightandmagic.cz/mmvii/mmvii_obchodovani.html]
[www.svetmightandmagic.cz/mmvii/mmvii_cechy.html]
[www.svetmightandmagic.cz/mmvii/mmvii_npc.html]
[www.svetmightandmagic.cz/mmvii/mmvii_bestiar_az.html]
[www.svetmightandmagic.cz/mmvii/mmvii_bzobrazeni681a.html]
[www.svetmightandmagic.cz/mmvii/mmvii_bzobrazeni7429.html]
[www.svetmightandmagic.cz/mmvii/mmvii_bzobrazeni95dc.html]
[www.svetmightandmagic.cz/mmvii/mmvii_bzobrazeni2580.html]
[www.svetmightandmagic.cz/mmvii/mmvii_bzobrazeni0b30.html]
[www.svetmightandmagic.cz/mmvii/mmvii_bzobrazeni2728.html]
[www.svetmightandmagic.cz/mmvii/mmvii_bzobrazeni8bcf.html]
[www.svetmightandmagic.cz/mmvii/mmvii_bzobrazenia916.html]
[www.svetmightandmagic.cz/mmvii/mmvii_bzobrazenid708.html]
[www.svetmightandmagic.cz/mmvii/mmvii_bzobrazeni190a.html]
[www.svetmightandmagic.cz/mmvii/mmvii_bzobrazeni6fb5.html]
[www.svetmightandmagic.cz/mmvii/mmvii_bzobrazeni98dc.html]
[www.svetmightandmagic.cz/mmvii/mmvii_bzobrazenidcfd.html]
[www.svetmightandmagic.cz/mmvii/mmvii_bzobrazenie371.html]
[www.svetmightandmagic.cz/mmvii/mmvii_bzobrazenidac1.html]
[www.svetmightandmagic.cz/mmvii/mmvii_bzobrazeni084d.html]
[www.svetmightandmagic.cz/mmvii/mmvii_bzobrazenid61c.html]
[www.svetmightandmagic.cz/mmvii/mmvii_bzobrazenia9bc.html]
[www.svetmightandmagic.cz/mmvii/mmvii_bzobrazenief73.html]
[www.svetmightandmagic.cz/mmvii/mmvii_bzobrazenibb33.html]
[www.svetmightandmagic.cz/mmvii/mmvii_bzobrazeni3a9f.html]
[www.svetmightandmagic.cz/mmvii/mmvii_bzobrazenie5cc.html]
[www.svetmightandmagic.cz/mmvii/mmvii_bzobrazenid5e8.html]
[www.svetmightandmagic.cz/mmvii/mmvii_bzobrazeni4944.html]
[www.svetmightandmagic.cz/mmvii/mmvii_bzobrazeni8803.html]
[www.svetmightandmagic.cz/mmvii/mmvii_bzobrazeni6258.html]
[www.svetmightandmagic.cz/mmvii/mmvii_bzobrazeni40ac.html]
[www.svetmightandmagic.cz/mmvii/mmvii_bzobrazeni2568.html]
[www.svetmightandmagic.cz/mmvii/mmvii_bzobrazenic3c9.html]
[www.svetmightandmagic.cz/mmvii/mmvii_bzobrazeni2e5f.html]
[www.svetmightandmagic.cz/mmvii/mmvii_bzobrazenif62c.html]
[www.svetmightandmagic.cz/mmvii/mmvii_bzobrazeni0c98.html]
[www.svetmightandmagic.cz/mmvii/mmvii_bzobrazeni5255.html]
[www.svetmightandmagic.cz/mmvii/mmvii_bzobrazeni9c8a.html]
[www.svetmightandmagic.cz/mmvii/mmvii_bzobrazeni4411.html]
[www.svetmightandmagic.cz/mmvii/mmvii_bzobrazeni7d36.html]
[www.svetmightandmagic.cz/mmvii/mmvii_bzobrazenif41b.html]
[www.svetmightandmagic.cz/mmvii/mmvii_bzobrazeniea25.html]
[www.svetmightandmagic.cz/mmvii/mmvii_bzobrazenicdef.html]
[www.svetmightandmagic.cz/mmvii/mmvii_bzobrazenifddb.html]
[www.svetmightandmagic.cz/mmvii/mmvii_bzobrazeni0055.html]
[www.svetmightandmagic.cz/mmvii/mmvii_bzobrazeni9e43.html]
[www.svetmightandmagic.cz/mmvii/mmvii_bzobrazeni1e35.html]
[www.svetmightandmagic.cz/mmvii/mmvii_bzobrazeni3ca5.html]
[www.svetmightandmagic.cz/mmvii/mmvii_bzobrazeni4ef9.html]
[www.svetmightandmagic.cz/mmvii/mmvii_bzobrazeni3162.html]
[www.svetmightandmagic.cz/mmvii/mmvii_bzobrazeniab5e.html]
[www.svetmightandmagic.cz/mmvii/mmvii_bzobrazeni1e85.html]
[www.svetmightandmagic.cz/mmvii/mmvii_bzobrazeni6e03.html]
[www.svetmightandmagic.cz/mmvii/mmvii_bzobrazeni3773.html]
[www.svetmightandmagic.cz/mmvii/mmvii_bzobrazeni7df0.html]
[www.svetmightandmagic.cz/mmvii/mmvii_bzobrazenia9e4.html]
[www.svetmightandmagic.cz/mmvii/mmvii_bzobrazeni87f1.html]
[www.svetmightandmagic.cz/mmvii/mmvii_bzobrazeni1434.html]
[www.svetmightandmagic.cz/mmvii/mmvii_bzobrazeni6396.html]
[www.svetmightandmagic.cz/mmvii/mmvii_bzobrazeniadbc.html]
[www.svetmightandmagic.cz/mmvii/mmvii_bzobrazeni850a.html]
[www.svetmightandmagic.cz/mmvii/mmvii_bestiar.html]
[www.svetmightandmagic.cz/mmvii/obrazky/predmety/zbrane/item001.png]
[www.svetmightandmagic.cz/mmvii/obrazky/predmety/zbrane/item002.png]
[www.svetmightandmagic.cz/mmvii/obrazky/predmety/zbrane/item003.png]
[www.svetmightandmagic.cz/mmvii/obrazky/predmety/zbrane/item004.png]
[www.svetmightandmagic.cz/mmvii/obrazky/predmety/zbrane/item005.png]
[www.svetmightandmagic.cz/mmvii/obrazky/predmety/zbrane/item006.png]
[www.svetmightandmagic.cz/mmvii/obrazky/predmety/zbrane/item007.png]
[www.svetmightandmagic.cz/mmvii/obrazky/predmety/zbrane/item008.png]
[www.svetmightandmagic.cz/mmvii/obrazky/predmety/zbrane/item009.png]
[www.svetmightandmagic.cz/mmvii/obrazky/predmety/zbrane/item010.png]
[www.svetmightandmagic.cz/mmvii/obrazky/predmety/zbrane/item011.png]
[www.svetmightandmagic.cz/mmvii/obrazky/predmety/zbrane/item012.png]
[www.svetmightandmagic.cz/mmvii/obrazky/predmety/zbrane/item013.png]
[www.svetmightandmagic.cz/mmvii/obrazky/predmety/zbrane/item014.png]
[www.svetmightandmagic.cz/mmvii/obrazky/predmety/zbrane/item015.png]
[www.svetmightandmagic.cz/mmvii/obrazky/predmety/zbrane/item016.png]
[www.svetmightandmagic.cz/mmvii/obrazky/predmety/zbrane/item017.png]
[www.svetmightandmagic.cz/mmvii/obrazky/predmety/zbrane/item018.png]
[www.svetmightandmagic.cz/mmvii/obrazky/predmety/zbrane/item019.png]
[www.svetmightandmagic.cz/mmvii/obrazky/predmety/zbrane/item020.png]
[www.svetmightandmagic.cz/mmvii/obrazky/predmety/zbrane/item021.png]
[www.svetmightandmagic.cz/mmvii/obrazky/predmety/zbrane/item022.png]
[www.svetmightandmagic.cz/mmvii/obrazky/predmety/zbrane/item023.png]
[www.svetmightandmagic.cz/mmvii/obrazky/predmety/zbrane/item024.png]
[www.svetmightandmagic.cz/mmvii/obrazky/predmety/zbrane/item025.png]
[www.svetmightandmagic.cz/mmvii/obrazky/predmety/zbrane/item026.png]
[www.svetmightandmagic.cz/mmvii/obrazky/predmety/zbrane/item027.png]
[www.svetmightandmagic.cz/mmvii/obrazky/predmety/zbrane/item028.png]
[www.svetmightandmagic.cz/mmvii/obrazky/predmety/zbrane/item029.png]
[www.svetmightandmagic.cz/mmvii/obrazky/predmety/zbrane/item030.png]
[www.svetmightandmagic.cz/mmvii/obrazky/predmety/zbrane/item031.png]
[www.svetmightandmagic.cz/mmvii/obrazky/predmety/zbrane/item032.png]
[www.svetmightandmagic.cz/mmvii/obrazky/predmety/zbrane/item033.png]
[www.svetmightandmagic.cz/mmvii/obrazky/predmety/zbrane/item034.png]
[www.svetmightandmagic.cz/mmvii/obrazky/predmety/zbrane/item035.png]
[www.svetmightandmagic.cz/mmvii/obrazky/predmety/zbrane/item036.png]
[www.svetmightandmagic.cz/mmvii/obrazky/predmety/zbrane/item038.png]
[www.svetmightandmagic.cz/mmvii/obrazky/predmety/zbrane/item037.png]
[www.svetmightandmagic.cz/mmvii/obrazky/predmety/zbrane/item039.png]
[www.svetmightandmagic.cz/mmvii/obrazky/predmety/zbrane/item040.png]
[www.svetmightandmagic.cz/mmvii/obrazky/predmety/zbrane/item041.png]
[www.svetmightandmagic.cz/mmvii/obrazky/predmety/zbrane/item042.png]
[www.svetmightandmagic.cz/mmvii/obrazky/predmety/zbrane/item043.png]
[www.svetmightandmagic.cz/mmvii/obrazky/predmety/zbrane/item044.png]
[www.svetmightandmagic.cz/mmvii/obrazky/predmety/zbrane/item045.png]
[www.svetmightandmagic.cz/mmvii/obrazky/predmety/zbrane/item046.png]
[www.svetmightandmagic.cz/mmvii/obrazky/predmety/zbrane/item047.png]
[www.svetmightandmagic.cz/mmvii/obrazky/predmety/zbrane/item048.png]
[www.svetmightandmagic.cz/mmvii/obrazky/predmety/zbrane/item049.png]
[www.svetmightandmagic.cz/mmvii/obrazky/predmety/zbrane/item050.png]
[www.svetmightandmagic.cz/mmvii/obrazky/predmety/zbrane/item051.png]
[www.svetmightandmagic.cz/mmvii/obrazky/predmety/zbrane/item052.png]
[www.svetmightandmagic.cz/mmvii/obrazky/predmety/zbrane/item053.png]
[www.svetmightandmagic.cz/mmvii/obrazky/predmety/zbrane/item054.png]
[www.svetmightandmagic.cz/mmvii/obrazky/predmety/zbrane/item055.png]
[www.svetmightandmagic.cz/mmvii/obrazky/predmety/zbrane/item056.png]
[www.svetmightandmagic.cz/mmvii/obrazky/predmety/zbrane/item057.png]
[www.svetmightandmagic.cz/mmvii/obrazky/predmety/zbrane/item058.png]
[www.svetmightandmagic.cz/mmvii/obrazky/predmety/zbrane/item059.png]
[www.svetmightandmagic.cz/mmvii/obrazky/predmety/zbrane/item060.png]
[www.svetmightandmagic.cz/mmvii/obrazky/predmety/zbrane/item061.png]
[www.svetmightandmagic.cz/mmvii/obrazky/predmety/zbrane/item062.png]
[www.svetmightandmagic.cz/mmvii/obrazky/predmety/zbrane/item063.png]
[www.svetmightandmagic.cz/mmvii/obrazky/predmety/zbrane/item064.png]
[www.svetmightandmagic.cz/mmvii/obrazky/predmety/zbrane/item065.png]
[www.svetmightandmagic.cz/mmvii/mmvii_zbrane.html]
[www.svetmightandmagic.cz/mmvii/obrazky/predmety/zbroje/item066.png]
[www.svetmightandmagic.cz/mmvii/obrazky/predmety/zbroje/item067.png]
[www.svetmightandmagic.cz/mmvii/obrazky/predmety/zbroje/item068.png]
[www.svetmightandmagic.cz/mmvii/obrazky/predmety/zbroje/item069.png]
[www.svetmightandmagic.cz/mmvii/obrazky/predmety/zbroje/item070.png]
[www.svetmightandmagic.cz/mmvii/obrazky/predmety/zbroje/item071.png]
[www.svetmightandmagic.cz/mmvii/obrazky/predmety/zbroje/item072.png]
[www.svetmightandmagic.cz/mmvii/obrazky/predmety/zbroje/item073.png]
[www.svetmightandmagic.cz/mmvii/obrazky/predmety/zbroje/item074.png]
[www.svetmightandmagic.cz/mmvii/obrazky/predmety/zbroje/item075.png]
[www.svetmightandmagic.cz/mmvii/obrazky/predmety/zbroje/item076.png]
[www.svetmightandmagic.cz/mmvii/obrazky/predmety/zbroje/item077.png]
[www.svetmightandmagic.cz/mmvii/obrazky/predmety/zbroje/item078.png]
[www.svetmightandmagic.cz/mmvii/obrazky/predmety/zbroje/item079.png]
[www.svetmightandmagic.cz/mmvii/obrazky/predmety/zbroje/item080.png]
[www.svetmightandmagic.cz/mmvii/obrazky/predmety/zbroje/item081.png]
[www.svetmightandmagic.cz/mmvii/obrazky/predmety/zbroje/item082.png]
[www.svetmightandmagic.cz/mmvii/obrazky/predmety/zbroje/item083.png]
[www.svetmightandmagic.cz/mmvii/obrazky/predmety/zbroje/item084.png]
[www.svetmightandmagic.cz/mmvii/obrazky/predmety/zbroje/item085.png]
[www.svetmightandmagic.cz/mmvii/obrazky/predmety/zbroje/item086.png]
[www.svetmightandmagic.cz/mmvii/obrazky/predmety/zbroje/item087.png]
[www.svetmightandmagic.cz/mmvii/obrazky/predmety/zbroje/item088.png]
[www.svetmightandmagic.cz/mmvii/obrazky/predmety/zbroje/item089.png]
[www.svetmightandmagic.cz/mmvii/obrazky/predmety/zbroje/item090.png]
[www.svetmightandmagic.cz/mmvii/obrazky/predmety/zbroje/item091.png]
[www.svetmightandmagic.cz/mmvii/obrazky/predmety/zbroje/item092.png]
[www.svetmightandmagic.cz/mmvii/obrazky/predmety/zbroje/item093.png]
[www.svetmightandmagic.cz/mmvii/obrazky/predmety/zbroje/item105.png]
[www.svetmightandmagic.cz/mmvii/obrazky/predmety/zbroje/item106.png]
[www.svetmightandmagic.cz/mmvii/obrazky/predmety/zbroje/item107.png]
[www.svetmightandmagic.cz/mmvii/obrazky/predmety/zbroje/item108.png]
[www.svetmightandmagic.cz/mmvii/obrazky/predmety/zbroje/item109.png]
[www.svetmightandmagic.cz/mmvii/obrazky/predmety/zbroje/item110.png]
[www.svetmightandmagic.cz/mmvii/obrazky/predmety/zbroje/item111.png]
[www.svetmightandmagic.cz/mmvii/obrazky/predmety/zbroje/item112.png]
[www.svetmightandmagic.cz/mmvii/obrazky/predmety/zbroje/item113.png]
[www.svetmightandmagic.cz/mmvii/obrazky/predmety/zbroje/item114.png]
[www.svetmightandmagic.cz/mmvii/obrazky/predmety/zbroje/item115.png]
[www.svetmightandmagic.cz/mmvii/obrazky/predmety/zbroje/item116.png]
[www.svetmightandmagic.cz/mmvii/obrazky/predmety/zbroje/item117.png]
[www.svetmightandmagic.cz/mmvii/obrazky/predmety/zbroje/item118.png]
[www.svetmightandmagic.cz/mmvii/mmvii_zbroje.html]
[www.svetmightandmagic.cz/mmvii/obrazky/predmety/zbroje/item119.png]
[www.svetmightandmagic.cz/mmvii/obrazky/predmety/ostatni/item094.png]
[www.svetmightandmagic.cz/mmvii/obrazky/predmety/ostatni/item095.png]
[www.svetmightandmagic.cz/mmvii/obrazky/predmety/ostatni/item096.png]
[www.svetmightandmagic.cz/mmvii/obrazky/predmety/ostatni/item097.png]
[www.svetmightandmagic.cz/mmvii/obrazky/predmety/ostatni/item098.png]
[www.svetmightandmagic.cz/mmvii/obrazky/predmety/ostatni/item099.png]
[www.svetmightandmagic.cz/mmvii/obrazky/predmety/ostatni/item100.png]
[www.svetmightandmagic.cz/mmvii/obrazky/predmety/ostatni/item101.png]
[www.svetmightandmagic.cz/mmvii/obrazky/predmety/ostatni/item102.png]
[www.svetmightandmagic.cz/mmvii/obrazky/predmety/ostatni/item103.png]
[www.svetmightandmagic.cz/mmvii/obrazky/predmety/ostatni/item104.png]
[www.svetmightandmagic.cz/mmvii/obrazky/predmety/ostatni/item120.png]
[www.svetmightandmagic.cz/mmvii/obrazky/predmety/ostatni/item121.png]
[www.svetmightandmagic.cz/mmvii/obrazky/predmety/ostatni/item122.png]
[www.svetmightandmagic.cz/mmvii/obrazky/predmety/ostatni/item123.png]
[www.svetmightandmagic.cz/mmvii/obrazky/predmety/ostatni/item124.png]
[www.svetmightandmagic.cz/mmvii/obrazky/predmety/ostatni/item125.png]
[www.svetmightandmagic.cz/mmvii/obrazky/predmety/ostatni/item126.png]
[www.svetmightandmagic.cz/mmvii/obrazky/predmety/ostatni/item127.png]
[www.svetmightandmagic.cz/mmvii/obrazky/predmety/ostatni/item128.png]
[www.svetmightandmagic.cz/mmvii/obrazky/predmety/ostatni/item129.png]
[www.svetmightandmagic.cz/mmvii/obrazky/predmety/ostatni/item130.png]
[www.svetmightandmagic.cz/mmvii/obrazky/predmety/ostatni/item131.png]
[www.svetmightandmagic.cz/mmvii/obrazky/predmety/ostatni/item132.png]
[www.svetmightandmagic.cz/mmvii/obrazky/predmety/ostatni/item133.png]
[www.svetmightandmagic.cz/mmvii/obrazky/predmety/ostatni/item134.png]
[www.svetmightandmagic.cz/mmvii/obrazky/predmety/ostatni/item135.png]
[www.svetmightandmagic.cz/mmvii/obrazky/predmety/ostatni/item136.png]
[www.svetmightandmagic.cz/mmvii/obrazky/predmety/ostatni/item137.png]
[www.svetmightandmagic.cz/mmvii/obrazky/predmety/ostatni/item138.png]
[www.svetmightandmagic.cz/mmvii/mmvii_ostatni.html]
[www.svetmightandmagic.cz/mmvii/obrazky/predmety/ostatni/item139.png]
[www.svetmightandmagic.cz/mmvii/obrazky/artefakty/16.png]
[www.svetmightandmagic.cz/mmvii/obrazky/artefakty/17.png]
[www.svetmightandmagic.cz/mmvii/obrazky/artefakty/18.png]
[www.svetmightandmagic.cz/mmvii/obrazky/artefakty/19.png]
[www.svetmightandmagic.cz/mmvii/obrazky/artefakty/20.png]
[www.svetmightandmagic.cz/mmvii/obrazky/artefakty/21.png]
[www.svetmightandmagic.cz/mmvii/obrazky/artefakty/22.png]
[www.svetmightandmagic.cz/mmvii/obrazky/artefakty/23.png]
[www.svetmightandmagic.cz/mmvii/obrazky/artefakty/24.png]
[www.svetmightandmagic.cz/mmvii/obrazky/artefakty/25.png]
[www.svetmightandmagic.cz/mmvii/obrazky/artefakty/26.png]
[www.svetmightandmagic.cz/mmvii/obrazky/artefakty/27.png]
[www.svetmightandmagic.cz/mmvii/obrazky/artefakty/28.png]
[www.svetmightandmagic.cz/mmvii/obrazky/artefakty/29.png]
[www.svetmightandmagic.cz/mmvii/mmvii_artefakty.html]
[www.svetmightandmagic.cz/mmvii/obrazky/artefakty/01.png]
[www.svetmightandmagic.cz/mmvii/obrazky/artefakty/02.png]
[www.svetmightandmagic.cz/mmvii/obrazky/artefakty/03.png]
[www.svetmightandmagic.cz/mmvii/obrazky/artefakty/04.png]
[www.svetmightandmagic.cz/mmvii/obrazky/artefakty/05.png]
[www.svetmightandmagic.cz/mmvii/obrazky/artefakty/06.png]
[www.svetmightandmagic.cz/mmvii/obrazky/artefakty/07.png]
[www.svetmightandmagic.cz/mmvii/obrazky/artefakty/08.png]
[www.svetmightandmagic.cz/mmvii/obrazky/artefakty/09.png]
[www.svetmightandmagic.cz/mmvii/obrazky/artefakty/10.png]
[www.svetmightandmagic.cz/mmvii/obrazky/artefakty/11.png]
[www.svetmightandmagic.cz/mmvii/obrazky/artefakty/12.png]
[www.svetmightandmagic.cz/mmvii/obrazky/artefakty/13.png]
[www.svetmightandmagic.cz/mmvii/obrazky/artefakty/14.png]
[www.svetmightandmagic.cz/mmvii/obrazky/artefakty/15.png]
[www.svetmightandmagic.cz/mmvii/mmvii_relikvie.html]
[www.svetmightandmagic.cz/mmvii/obrazky/specpred/01.png]
[www.svetmightandmagic.cz/mmvii/obrazky/specpred/02.png]
[www.svetmightandmagic.cz/mmvii/obrazky/specpred/03.png]
[www.svetmightandmagic.cz/mmvii/obrazky/specpred/04.png]
[www.svetmightandmagic.cz/mmvii/obrazky/specpred/05.png]
[www.svetmightandmagic.cz/mmvii/obrazky/specpred/06.png]
[www.svetmightandmagic.cz/mmvii/obrazky/specpred/07.png]
[www.svetmightandmagic.cz/mmvii/obrazky/specpred/08.png]
[www.svetmightandmagic.cz/mmvii/obrazky/specpred/09.png]
[www.svetmightandmagic.cz/mmvii/obrazky/specpred/10.png]
[www.svetmightandmagic.cz/mmvii/obrazky/specpred/11.png]
[www.svetmightandmagic.cz/mmvii/obrazky/specpred/12.png]
[www.svetmightandmagic.cz/mmvii/obrazky/specpred/13.png]
[www.svetmightandmagic.cz/mmvii/obrazky/specpred/14.png]
[www.svetmightandmagic.cz/mmvii/obrazky/specpred/15.png]
[www.svetmightandmagic.cz/mmvii/obrazky/specpred/16.png]
[www.svetmightandmagic.cz/mmvii/obrazky/specpred/17.png]
[www.svetmightandmagic.cz/mmvii/obrazky/specpred/18.png]
[www.svetmightandmagic.cz/mmvii/obrazky/specpred/19.png]
[www.svetmightandmagic.cz/mmvii/obrazky/specpred/20.png]
[www.svetmightandmagic.cz/mmvii/obrazky/specpred/21.png]
[www.svetmightandmagic.cz/mmvii/obrazky/specpred/22.png]
[www.svetmightandmagic.cz/mmvii/obrazky/specpred/23.png]
[www.svetmightandmagic.cz/mmvii/mmvii_specialpred.html]
[www.svetmightandmagic.cz/mmvii/obrazky/specpred/24.png]
[www.svetmightandmagic.cz/mmvii/mmvii_bonusy.html]
[www.svetmightandmagic.cz/mmvii/obrazky/ruda/item353.png]
[www.svetmightandmagic.cz/mmvii/obrazky/ruda/item354.png]
[www.svetmightandmagic.cz/mmvii/obrazky/ruda/item355.png]
[www.svetmightandmagic.cz/mmvii/obrazky/ruda/item356.png]
[www.svetmightandmagic.cz/mmvii/obrazky/ruda/item357.png]
[www.svetmightandmagic.cz/mmvii/obrazky/ruda/item358.png]
[www.svetmightandmagic.cz/mmvii/mmvii_ruda.html]
[www.svetmightandmagic.cz/mmvii/obrazky/svitky/mmvii_kniha01.png]
[www.svetmightandmagic.cz/mmvii/obrazky/svitky/mmvii_svitek01.png]
[www.svetmightandmagic.cz/mmvii/obrazky/svitky/mmvii_kniha02.png]
[www.svetmightandmagic.cz/mmvii/obrazky/svitky/mmvii_svitek02.png]
[www.svetmightandmagic.cz/mmvii/obrazky/svitky/mmvii_kniha03.png]
[www.svetmightandmagic.cz/mmvii/obrazky/svitky/mmvii_svitek03.png]
[www.svetmightandmagic.cz/mmvii/obrazky/svitky/mmvii_kniha04.png]
[www.svetmightandmagic.cz/mmvii/obrazky/svitky/mmvii_svitek04.png]
[www.svetmightandmagic.cz/mmvii/mmvii_svitky.html]
[www.svetmightandmagic.cz/mmvii/mmvii_kouzla_seznam.html]
[www.svetmightandmagic.cz/mmvii/obrazky/kouzla/ohne.jpg]
[www.svetmightandmagic.cz/mmvii/obrazky/kouzla/01oh.jpg]
[www.svetmightandmagic.cz/mmvii/obrazky/kouzla/02oh.jpg]
[www.svetmightandmagic.cz/mmvii/obrazky/kouzla/03oh.jpg]
[www.svetmightandmagic.cz/mmvii/obrazky/kouzla/04oh.jpg]
[www.svetmightandmagic.cz/mmvii/obrazky/kouzla/05oh.jpg]
[www.svetmightandmagic.cz/mmvii/obrazky/kouzla/06oh.jpg]
[www.svetmightandmagic.cz/mmvii/obrazky/kouzla/07oh.jpg]
[www.svetmightandmagic.cz/mmvii/obrazky/kouzla/08oh.jpg]
[www.svetmightandmagic.cz/mmvii/obrazky/kouzla/09oh.jpg]
[www.svetmightandmagic.cz/mmvii/obrazky/kouzla/10oh.jpg]
[www.svetmightandmagic.cz/mmvii/mmvii_kouzla2c90.html]
[www.svetmightandmagic.cz/mmvii/obrazky/kouzla/11oh.jpg]
[www.svetmightandmagic.cz/mmvii/obrazky/kouzla/vzduchu.jpg]
[www.svetmightandmagic.cz/mmvii/obrazky/kouzla/01vz.jpg]
[www.svetmightandmagic.cz/mmvii/obrazky/kouzla/02vz.jpg]
[www.svetmightandmagic.cz/mmvii/obrazky/kouzla/03vz.jpg]
[www.svetmightandmagic.cz/mmvii/obrazky/kouzla/04vz.jpg]
[www.svetmightandmagic.cz/mmvii/obrazky/kouzla/05vz.jpg]
[www.svetmightandmagic.cz/mmvii/obrazky/kouzla/06vz.jpg]
[www.svetmightandmagic.cz/mmvii/obrazky/kouzla/07vz.jpg]
[www.svetmightandmagic.cz/mmvii/obrazky/kouzla/08vz.jpg]
[www.svetmightandmagic.cz/mmvii/obrazky/kouzla/09vz.jpg]
[www.svetmightandmagic.cz/mmvii/obrazky/kouzla/10vz.jpg]
[www.svetmightandmagic.cz/mmvii/obrazky/kouzla/11vz.jpg]
[www.svetmightandmagic.cz/mmvii/mmvii_kouzla7c76.html]
[www.svetmightandmagic.cz/mmvii/obrazky/kouzla/vody.jpg]
[www.svetmightandmagic.cz/mmvii/obrazky/kouzla/01vo.jpg]
[www.svetmightandmagic.cz/mmvii/obrazky/kouzla/02vo.jpg]
[www.svetmightandmagic.cz/mmvii/obrazky/kouzla/03vo.jpg]
[www.svetmightandmagic.cz/mmvii/obrazky/kouzla/04vo.jpg]
[www.svetmightandmagic.cz/mmvii/obrazky/kouzla/05vo.jpg]
[www.svetmightandmagic.cz/mmvii/obrazky/kouzla/06vo.jpg]
[www.svetmightandmagic.cz/mmvii/obrazky/kouzla/07vo.jpg]
[www.svetmightandmagic.cz/mmvii/obrazky/kouzla/08vo.jpg]
[www.svetmightandmagic.cz/mmvii/obrazky/kouzla/09vo.jpg]
[www.svetmightandmagic.cz/mmvii/obrazky/kouzla/10vo.jpg]
[www.svetmightandmagic.cz/mmvii/obrazky/kouzla/11vo.jpg]
[www.svetmightandmagic.cz/mmvii/mmvii_kouzlaeccb.html]
[www.svetmightandmagic.cz/mmvii/obrazky/kouzla/zeme.jpg]
[www.svetmightandmagic.cz/mmvii/obrazky/kouzla/01ze.jpg]
[www.svetmightandmagic.cz/mmvii/obrazky/kouzla/02ze.jpg]
[www.svetmightandmagic.cz/mmvii/obrazky/kouzla/03ze.jpg]
[www.svetmightandmagic.cz/mmvii/obrazky/kouzla/04ze.jpg]
[www.svetmightandmagic.cz/mmvii/obrazky/kouzla/05ze.jpg]
[www.svetmightandmagic.cz/mmvii/obrazky/kouzla/06ze.jpg]
[www.svetmightandmagic.cz/mmvii/obrazky/kouzla/07ze.jpg]
[www.svetmightandmagic.cz/mmvii/obrazky/kouzla/08ze.jpg]
[www.svetmightandmagic.cz/mmvii/obrazky/kouzla/09ze.jpg]
[www.svetmightandmagic.cz/mmvii/obrazky/kouzla/10ze.jpg]
[www.svetmightandmagic.cz/mmvii/obrazky/kouzla/11ze.jpg]
[www.svetmightandmagic.cz/mmvii/mmvii_kouzla8b1c.html]
[www.svetmightandmagic.cz/mmvii/obrazky/kouzla/ducha.jpg]
[www.svetmightandmagic.cz/mmvii/obrazky/kouzla/01du.jpg]
[www.svetmightandmagic.cz/mmvii/obrazky/kouzla/02du.jpg]
[www.svetmightandmagic.cz/mmvii/obrazky/kouzla/03du.jpg]
[www.svetmightandmagic.cz/mmvii/obrazky/kouzla/04du.jpg]
[www.svetmightandmagic.cz/mmvii/obrazky/kouzla/05du.jpg]
[www.svetmightandmagic.cz/mmvii/obrazky/kouzla/06du.jpg]
[www.svetmightandmagic.cz/mmvii/obrazky/kouzla/07du.jpg]
[www.svetmightandmagic.cz/mmvii/obrazky/kouzla/08du.jpg]
[www.svetmightandmagic.cz/mmvii/obrazky/kouzla/09du.jpg]
[www.svetmightandmagic.cz/mmvii/obrazky/kouzla/10du.jpg]
[www.svetmightandmagic.cz/mmvii/mmvii_kouzlac5ea.html]
[www.svetmightandmagic.cz/mmvii/obrazky/kouzla/11du.jpg]
[www.svetmightandmagic.cz/mmvii/obrazky/kouzla/mysli.jpg]
[www.svetmightandmagic.cz/mmvii/obrazky/kouzla/01my.jpg]
[www.svetmightandmagic.cz/mmvii/obrazky/kouzla/02my.jpg]
[www.svetmightandmagic.cz/mmvii/obrazky/kouzla/03my.jpg]
[www.svetmightandmagic.cz/mmvii/obrazky/kouzla/04my.jpg]
[www.svetmightandmagic.cz/mmvii/obrazky/kouzla/05my.jpg]
[www.svetmightandmagic.cz/mmvii/obrazky/kouzla/06my.jpg]
[www.svetmightandmagic.cz/mmvii/obrazky/kouzla/07my.jpg]
[www.svetmightandmagic.cz/mmvii/obrazky/kouzla/08my.jpg]
[www.svetmightandmagic.cz/mmvii/obrazky/kouzla/09my.jpg]
[www.svetmightandmagic.cz/mmvii/obrazky/kouzla/10my.jpg]
[www.svetmightandmagic.cz/mmvii/obrazky/kouzla/11my.jpg]
[www.svetmightandmagic.cz/mmvii/mmvii_kouzlac5ce.html]
[www.svetmightandmagic.cz/mmvii/obrazky/kouzla/tela.jpg]
[www.svetmightandmagic.cz/mmvii/obrazky/kouzla/01te.jpg]
[www.svetmightandmagic.cz/mmvii/obrazky/kouzla/02te.jpg]
[www.svetmightandmagic.cz/mmvii/obrazky/kouzla/03te.jpg]
[www.svetmightandmagic.cz/mmvii/obrazky/kouzla/04te.jpg]
[www.svetmightandmagic.cz/mmvii/obrazky/kouzla/05te.jpg]
[www.svetmightandmagic.cz/mmvii/obrazky/kouzla/06te.jpg]
[www.svetmightandmagic.cz/mmvii/obrazky/kouzla/07te.jpg]
[www.svetmightandmagic.cz/mmvii/obrazky/kouzla/08te.jpg]
[www.svetmightandmagic.cz/mmvii/obrazky/kouzla/09te.jpg]
[www.svetmightandmagic.cz/mmvii/obrazky/kouzla/10te.jpg]
[www.svetmightandmagic.cz/mmvii/obrazky/kouzla/11te.jpg]
[www.svetmightandmagic.cz/mmvii/mmvii_kouzla18b5.html]
[www.svetmightandmagic.cz/mmvii/obrazky/kouzla/svetla.jpg]
[www.svetmightandmagic.cz/mmvii/obrazky/kouzla/01sv.jpg]
[www.svetmightandmagic.cz/mmvii/obrazky/kouzla/02sv.jpg]
[www.svetmightandmagic.cz/mmvii/obrazky/kouzla/03sv.jpg]
[www.svetmightandmagic.cz/mmvii/obrazky/kouzla/04sv.jpg]
[www.svetmightandmagic.cz/mmvii/obrazky/kouzla/05sv.jpg]
[www.svetmightandmagic.cz/mmvii/obrazky/kouzla/06sv.jpg]
[www.svetmightandmagic.cz/mmvii/obrazky/kouzla/07sv.jpg]
[www.svetmightandmagic.cz/mmvii/obrazky/kouzla/08sv.jpg]
[www.svetmightandmagic.cz/mmvii/obrazky/kouzla/09sv.jpg]
[www.svetmightandmagic.cz/mmvii/obrazky/kouzla/10sv.jpg]
[www.svetmightandmagic.cz/mmvii/obrazky/kouzla/11sv.jpg]
[www.svetmightandmagic.cz/mmvii/mmvii_kouzla1935.html]
[www.svetmightandmagic.cz/mmvii/obrazky/kouzla/temnoty.jpg]
[www.svetmightandmagic.cz/mmvii/obrazky/kouzla/01tm.jpg]
[www.svetmightandmagic.cz/mmvii/obrazky/kouzla/02tm.jpg]
[www.svetmightandmagic.cz/mmvii/obrazky/kouzla/03tm.jpg]
[www.svetmightandmagic.cz/mmvii/obrazky/kouzla/04tm.jpg]
[www.svetmightandmagic.cz/mmvii/obrazky/kouzla/05tm.jpg]
[www.svetmightandmagic.cz/mmvii/obrazky/kouzla/06tm.jpg]
[www.svetmightandmagic.cz/mmvii/obrazky/kouzla/07tm.jpg]
[www.svetmightandmagic.cz/mmvii/obrazky/kouzla/08tm.jpg]
[www.svetmightandmagic.cz/mmvii/obrazky/kouzla/09tm.jpg]
[www.svetmightandmagic.cz/mmvii/obrazky/kouzla/10tm.jpg]
[www.svetmightandmagic.cz/mmvii/mmvii_kouzla9b34.html]
[www.svetmightandmagic.cz/mmvii/obrazky/kouzla/11tm.jpg]
[www.svetmightandmagic.cz/mmvii/mmvii_mapyc7e6.html]
[www.svetmightandmagic.cz/mmvii/mmvii_mapy9f57.html]
[www.svetmightandmagic.cz/mmvii/mmvii_mapyb49f.html]
[www.svetmightandmagic.cz/mmvii/mmvii_mapyb6ed.html]
[www.svetmightandmagic.cz/mmvii/mmvii_mapy66d4.html]
[www.svetmightandmagic.cz/mmvii/mmvii_mapy99ee.html]
[www.svetmightandmagic.cz/mmvii/mmvii_mapyad4f.html]
[www.svetmightandmagic.cz/mmvii/mmvii_mapyad31.html]
[www.svetmightandmagic.cz/mmvii/mmvii_mapyfa3e.html]
[www.svetmightandmagic.cz/mmvii/mmvii_mapy45db.html]
[www.svetmightandmagic.cz/mmvii/mmvii_mapy1b0a.html]
[www.svetmightandmagic.cz/mmvii/mmvii_mapy82bc.html]
[www.svetmightandmagic.cz/mmvii/mmvii_mapy9e1d.html]
[www.svetmightandmagic.cz/mmvii/mmvii_mapy280b.html]
[www.svetmightandmagic.cz/mmvii/mmvii_mapy05da.html]
[www.svetmightandmagic.cz/mmvii/mmvii_mapy01c9.html]
[www.svetmightandmagic.cz/mmvii/mmvii_mapy5926.html]
[www.svetmightandmagic.cz/mmvii/mmvii_mapyeb24.html]
[www.svetmightandmagic.cz/mmvii/mmvii_mapy6f55.html]
[www.svetmightandmagic.cz/mmvii/mmvii_mapyc442.html]
[www.svetmightandmagic.cz/mmvii/mmvii_mapy6559.html]
[www.svetmightandmagic.cz/mmvii/mmvii_mapy8b58.html]
[www.svetmightandmagic.cz/mmvii/mmvii_mapy93a1.html]
[www.svetmightandmagic.cz/mmvii/mmvii_mapye3f1.html]
[www.svetmightandmagic.cz/mmvii/mmvii_mapy5df8.html]
[www.svetmightandmagic.cz/mmvii/mmvii_mapy3d97.html]
[www.svetmightandmagic.cz/mmvii/mmvii_mapye1cb.html]
[www.svetmightandmagic.cz/mmvii/mmvii_mapy49f7.html]
[www.svetmightandmagic.cz/mmvii/mmvii_mapybe3e.html]
[www.svetmightandmagic.cz/mmvii/mmvii_mapye567.html]
[www.svetmightandmagic.cz/mmvii/mmvii_mapyea43.html]
[www.svetmightandmagic.cz/mmvii/mmvii_mapyc1fa.html]
[www.svetmightandmagic.cz/mmvii/mmvii_mapy7aa0.html]
[www.svetmightandmagic.cz/mmvii/mmvii_mapydeb9.html]
[www.svetmightandmagic.cz/mmvii/mmvii_mapy13a7.html]
[www.svetmightandmagic.cz/mmvii/mmvii_mapyf181.html]
[www.svetmightandmagic.cz/mmvii/mmvii_mapyd0a6.html]
[www.svetmightandmagic.cz/mmvii/mmvii_mapye5f2.html]
[www.svetmightandmagic.cz/mmvii/mmvii_mapyb060.html]
[www.svetmightandmagic.cz/mmvii/mmvii_mapyf5c4.html]
[www.svetmightandmagic.cz/mmvii/mmvii_mapy9605.html]
[www.svetmightandmagic.cz/mmvii/mmvii_mapy0446.html]
[www.svetmightandmagic.cz/mmvii/mmvii_mapya0a5.html]
[www.svetmightandmagic.cz/mmvii/mmvii_mapy6618.html]
[www.svetmightandmagic.cz/mmvii/mmvii_mapyd017.html]
[www.svetmightandmagic.cz/mmvii/mmvii_mapy5be8.html]
[www.svetmightandmagic.cz/mmvii/mmvii_mapy1869.html]
[www.svetmightandmagic.cz/mmvii/mmvii_mapy0883.html]
[www.svetmightandmagic.cz/mmvii/mmvii_mapy3fc1.html]
[www.svetmightandmagic.cz/mmvii/mmvii_mapy5109.html]
[www.svetmightandmagic.cz/mmvii/mmvii_mapy6553.html]
[www.svetmightandmagic.cz/mmvii/mmvii_mapyb101.html]
[www.svetmightandmagic.cz/mmvii/mmvii_mapy0712.html]
[www.svetmightandmagic.cz/mmvii/mmvii_mapy3027.html]
[www.svetmightandmagic.cz/mmvii/mmvii_mapyfc0c.html]
[www.svetmightandmagic.cz/mmvii/mmvii_mapy82aa.html]
[www.svetmightandmagic.cz/mmvii/mmvii_mapy8851.html]
[www.svetmightandmagic.cz/mmvii/mmvii_mapy8e6b.html]
[www.svetmightandmagic.cz/mmvii/mmvii_mapyd270.html]
[www.svetmightandmagic.cz/mmvii/mmvii_mapyc06a.html]
[www.svetmightandmagic.cz/mmvii/mmvii_mapya72e.html]
[www.svetmightandmagic.cz/mmvii/mmvii_mapy72c7.html]
[www.svetmightandmagic.cz/mmvii/mmvii_mapy25bd.html]
[www.svetmightandmagic.cz/mmvii/mmvii_mapyf7a2.html]
[www.svetmightandmagic.cz/mmvii/mmvii_mapy3ed6.html]
[www.svetmightandmagic.cz/mmvii/mmvii_mapycd51.html]
[www.svetmightandmagic.cz/mmvii/mmvii_mapyd2c8.html]
[www.svetmightandmagic.cz/mmvii/mmvii_mapye52d.html]
[www.svetmightandmagic.cz/mmvii/mmvii_mapya822.html]
[www.svetmightandmagic.cz/mmvii/mmvii_mapyf690.html]
[www.svetmightandmagic.cz/mmvii/mmvii_mapyb50d.html]
[www.svetmightandmagic.cz/mmvii/mmvii_mapy85e2.html]
[www.svetmightandmagic.cz/mmvii/mmvii_mapy9042.html]
[www.svetmightandmagic.cz/mmvii/mmvii_mapyb512.html]
[www.svetmightandmagic.cz/mmvii/mmvii_mapy9fdf.html]
[www.svetmightandmagic.cz/mmvii/mmvii_mapy.html]
[www.svetmightandmagic.cz/mmvii/obrazky/mestska_brana/mmvii_pozadi.jpg]
[www.svetmightandmagic.cz/mmvii/obrazky/mestska_brana/mmvii_mb1.gif]
[www.svetmightandmagic.cz/mmvii/obrazky/mestska_brana/mmvii_mb2.gif]
[www.svetmightandmagic.cz/mmvii/obrazky/mestska_brana/mmvii_mb3.gif]
[www.svetmightandmagic.cz/mmvii/obrazky/mestska_brana/mmvii_mb4.gif]
[www.svetmightandmagic.cz/mmvii/obrazky/mestska_brana/mmvii_mb5.gif]
[www.svetmightandmagic.cz/mmvii/obrazky/mestska_brana/mmvii_mb6.gif]
[www.svetmightandmagic.cz/mmvii/obrazky/mestska_brana/mmvii_pozadi.gif]
[www.svetmightandmagic.cz/mmvii/mmvii_mestskabrana.html]
[www.svetmightandmagic.cz/mmvii/obrazky/mmvii_cestovanim.jpg]
[www.svetmightandmagic.cz/mmvii/mmvii_cestovani.html]
[www.svetmightandmagic.cz/mmvii/mmvii_tab02.html]
[www.svetmightandmagic.cz/mmvii/mmvii_img01.html]
[www.svetmightandmagic.cz/mmvii/mmvii_vmapa.html]
[www.svetmightandmagic.cz/mmvii/obrazky/mmvii_velkam.jpg]
[www.svetmightandmagic.cz/mmvii/mmvii_respawn.html]
[www.svetmightandmagic.cz/mmvii/mmvii_navod.html]
[www.svetmightandmagic.cz/mmvii/mmvii_ukoly.html]
[www.svetmightandmagic.cz/mmvii/mmvii_sifra.html]
[www.svetmightandmagic.cz/mmvii/mmvii_malwick.html]
[www.svetmightandmagic.cz/mmvii/mmvii_mcechy.html]
[www.svetmightandmagic.cz/mmvii/mmvii_hadanka.html]
[www.svetmightandmagic.cz/mmvii/obrazky/vyzvy.png]
[www.svetmightandmagic.cz/mmvii/mmvii_hry.html]
[www.svetmightandmagic.cz/mmvii/obrazky/piedestal.png]
[www.svetmightandmagic.cz/mmvii/obrazky/piedestaly.png]
[www.svetmightandmagic.cz/mmvii/mmvii_piedestaly.html]
[www.svetmightandmagic.cz/mmvii/mmvii_studny.html]
[www.svetmightandmagic.cz/mmvii/mmvii_jidlo.html]
[www.svetmightandmagic.cz/mmvii/mmvii_arcomage.html]
[www.svetmightandmagic.cz/mmvii/mmvii_prekupnici.html]
[www.svetmightandmagic.cz/mmvii/mmvii_lampy.html]
[www.svetmightandmagic.cz/mmvii/mmvii_svatyne.html]
[www.svetmightandmagic.cz/mmvii/obrazky/mesice.png]
[www.svetmightandmagic.cz/mmvii/mmvii_cas.html]
[www.svetmightandmagic.cz/mmvii/obrazky/mmvii_druidi.jpg]
[www.svetmightandmagic.cz/mmvii/obrazky/mmvii_tolberti.jpg]
[www.svetmightandmagic.cz/mmvii/obrazky/mmvii_win_1.jpg]
[www.svetmightandmagic.cz/mmvii/obrazky/mmvii_win_2.jpg]
[www.svetmightandmagic.cz/mmvii/mmvii_tipdruidi.html]
[www.svetmightandmagic.cz/mmvii/mmvii_zajimavosti.html]
[www.svetmightandmagic.cz/mmvii/obrazky/screenshoty/mmvii_screen01.jpg]
[www.svetmightandmagic.cz/mmvii/mmvii_obrazkys1e5a.html]
[www.svetmightandmagic.cz/mmvii/obrazky/screenshoty/mmvii_screen02.jpg]
[www.svetmightandmagic.cz/mmvii/mmvii_obrazkys3c02.html]
[www.svetmightandmagic.cz/mmvii/obrazky/screenshoty/mmvii_screen03.jpg]
[www.svetmightandmagic.cz/mmvii/mmvii_obrazkysba4c.html]
[www.svetmightandmagic.cz/mmvii/obrazky/screenshoty/mmvii_screen04.jpg]
[www.svetmightandmagic.cz/mmvii/mmvii_obrazkysa32b.html]
[www.svetmightandmagic.cz/mmvii/obrazky/screenshoty/mmvii_screen05.jpg]
[www.svetmightandmagic.cz/mmvii/mmvii_obrazkys7cd1.html]
[www.svetmightandmagic.cz/mmvii/obrazky/screenshoty/mmvii_screen06.jpg]
[www.svetmightandmagic.cz/mmvii/mmvii_obrazkysaca2.html]
[www.svetmightandmagic.cz/mmvii/obrazky/screenshoty/mmvii_screen07.jpg]
[www.svetmightandmagic.cz/mmvii/mmvii_obrazkys6882.html]
[www.svetmightandmagic.cz/mmvii/obrazky/screenshoty/mmvii_screen08.jpg]
[www.svetmightandmagic.cz/mmvii/mmvii_obrazkysc45d.html]
[www.svetmightandmagic.cz/mmvii/mmvii_tab01.html]
[www.svetmightandmagic.cz/mmvii/mmvii_bzobrazeni33b0.html]
[www.svetmightandmagic.cz/mmvii/mmvii_bzobrazeni1ffe.html]
[www.svetmightandmagic.cz/mmvii/mmvii_bzobrazeni0b48.html]
[www.svetmightandmagic.cz/mmvii/mmvii_bzobrazenif492.html]
[www.svetmightandmagic.cz/mmvii/mmvii_bzobrazenicab6.html]
[www.svetmightandmagic.cz/mmvii/mmvii_bzobrazeni330f.html]
[www.svetmightandmagic.cz/mmvii/mmvii_bzobrazeniaafc.html]
[www.svetmightandmagic.cz/mmvii/mmvii_bzobrazenic3d4.html]
[www.svetmightandmagic.cz/mmvii/mmvii_bzobrazeni8a08.html]
[www.svetmightandmagic.cz/mmvii/mmvii_bestiar_az.html]
[www.svetmightandmagic.cz/mmvii/bestiar/01a.png]
[www.svetmightandmagic.cz/mmvii/bestiar/01b.png]
[www.svetmightandmagic.cz/mmvii/bestiar/01c.png]
[www.svetmightandmagic.cz/mmvii/mmvii_bzobrazeni681a.html]
[www.svetmightandmagic.cz/mmvii/bestiar/15a.png]
[www.svetmightandmagic.cz/mmvii/bestiar/15b.png]
[www.svetmightandmagic.cz/mmvii/mmvii_bzobrazeni7429.html]
[www.svetmightandmagic.cz/mmvii/bestiar/15c.png]
[www.svetmightandmagic.cz/mmvii/bestiar/29a.png]
[www.svetmightandmagic.cz/mmvii/bestiar/29b.png]
[www.svetmightandmagic.cz/mmvii/bestiar/29c.png]
[www.svetmightandmagic.cz/mmvii/mmvii_bzobrazeni95dc.html]
[www.svetmightandmagic.cz/mmvii/bestiar/43a.png]
[www.svetmightandmagic.cz/mmvii/bestiar/43b.png]
[www.svetmightandmagic.cz/mmvii/bestiar/43c.png]
[www.svetmightandmagic.cz/mmvii/mmvii_bzobrazeni2580.html]
[www.svetmightandmagic.cz/mmvii/bestiar/02a.png]
[www.svetmightandmagic.cz/mmvii/bestiar/02b.png]
[www.svetmightandmagic.cz/mmvii/bestiar/02c.png]
[www.svetmightandmagic.cz/mmvii/mmvii_bzobrazeni0b30.html]
[www.svetmightandmagic.cz/mmvii/bestiar/16a.png]
[www.svetmightandmagic.cz/mmvii/bestiar/16b.png]
[www.svetmightandmagic.cz/mmvii/bestiar/16c.png]
[www.svetmightandmagic.cz/mmvii/mmvii_bzobrazeni2728.html]
[www.svetmightandmagic.cz/mmvii/bestiar/30a.png]
[www.svetmightandmagic.cz/mmvii/bestiar/30b.png]
[www.svetmightandmagic.cz/mmvii/bestiar/30c.png]
[www.svetmightandmagic.cz/mmvii/mmvii_bzobrazeni8bcf.html]
[www.svetmightandmagic.cz/mmvii/bestiar/44a.png]
[www.svetmightandmagic.cz/mmvii/bestiar/44b.png]
[www.svetmightandmagic.cz/mmvii/bestiar/44c.png]
[www.svetmightandmagic.cz/mmvii/mmvii_bzobrazenia916.html]
[www.svetmightandmagic.cz/mmvii/bestiar/03a.png]
[www.svetmightandmagic.cz/mmvii/bestiar/03b.png]
[www.svetmightandmagic.cz/mmvii/bestiar/03c.png]
[www.svetmightandmagic.cz/mmvii/mmvii_bzobrazenid708.html]
[www.svetmightandmagic.cz/mmvii/bestiar/17a.png]
[www.svetmightandmagic.cz/mmvii/bestiar/17b.png]
[www.svetmightandmagic.cz/mmvii/bestiar/17c.png]
[www.svetmightandmagic.cz/mmvii/mmvii_bzobrazeni190a.html]
[www.svetmightandmagic.cz/mmvii/bestiar/31a.png]
[www.svetmightandmagic.cz/mmvii/bestiar/31b.png]
[www.svetmightandmagic.cz/mmvii/bestiar/31c.png]
[www.svetmightandmagic.cz/mmvii/mmvii_bzobrazeni6fb5.html]
[www.svetmightandmagic.cz/mmvii/bestiar/45a.png]
[www.svetmightandmagic.cz/mmvii/bestiar/45b.png]
[www.svetmightandmagic.cz/mmvii/mmvii_bzobrazeni98dc.html]
[www.svetmightandmagic.cz/mmvii/bestiar/45c.png]
[www.svetmightandmagic.cz/mmvii/bestiar/04a.png]
[www.svetmightandmagic.cz/mmvii/bestiar/04b.png]
[www.svetmightandmagic.cz/mmvii/bestiar/04c.png]
[www.svetmightandmagic.cz/mmvii/mmvii_bzobrazenidcfd.html]
[www.svetmightandmagic.cz/mmvii/bestiar/18a.png]
[www.svetmightandmagic.cz/mmvii/bestiar/18b.png]
[www.svetmightandmagic.cz/mmvii/bestiar/18c.png]
[www.svetmightandmagic.cz/mmvii/mmvii_bzobrazenie371.html]
[www.svetmightandmagic.cz/mmvii/bestiar/32a.png]
[www.svetmightandmagic.cz/mmvii/bestiar/32b.png]
[www.svetmightandmagic.cz/mmvii/mmvii_bzobrazenidac1.html]
[www.svetmightandmagic.cz/mmvii/bestiar/32c.png]
[www.svetmightandmagic.cz/mmvii/bestiar/46a.png]
[www.svetmightandmagic.cz/mmvii/bestiar/46b.png]
[www.svetmightandmagic.cz/mmvii/bestiar/46c.png]
[www.svetmightandmagic.cz/mmvii/mmvii_bzobrazeni084d.html]
[www.svetmightandmagic.cz/mmvii/bestiar/05a.png]
[www.svetmightandmagic.cz/mmvii/bestiar/05b.png]
[www.svetmightandmagic.cz/mmvii/bestiar/05c.png]
[www.svetmightandmagic.cz/mmvii/mmvii_bzobrazenid61c.html]
[www.svetmightandmagic.cz/mmvii/bestiar/19a.png]
[www.svetmightandmagic.cz/mmvii/bestiar/19b.png]
[www.svetmightandmagic.cz/mmvii/mmvii_bzobrazenia9bc.html]
[www.svetmightandmagic.cz/mmvii/bestiar/19c.png]
[www.svetmightandmagic.cz/mmvii/bestiar/33a.png]
[www.svetmightandmagic.cz/mmvii/bestiar/33b.png]
[www.svetmightandmagic.cz/mmvii/bestiar/33c.png]
[www.svetmightandmagic.cz/mmvii/mmvii_bzobrazenief73.html]
[www.svetmightandmagic.cz/mmvii/bestiar/47a.png]
[www.svetmightandmagic.cz/mmvii/bestiar/47b.png]
[www.svetmightandmagic.cz/mmvii/bestiar/47c.png]
[www.svetmightandmagic.cz/mmvii/mmvii_bzobrazenibb33.html]
[www.svetmightandmagic.cz/mmvii/bestiar/06a.png]
[www.svetmightandmagic.cz/mmvii/bestiar/06b.png]
[www.svetmightandmagic.cz/mmvii/bestiar/06c.png]
[www.svetmightandmagic.cz/mmvii/mmvii_bzobrazeni3a9f.html]
[www.svetmightandmagic.cz/mmvii/bestiar/20a.png]
[www.svetmightandmagic.cz/mmvii/bestiar/20b.png]
[www.svetmightandmagic.cz/mmvii/mmvii_bzobrazenie5cc.html]
[www.svetmightandmagic.cz/mmvii/bestiar/20c.png]
[www.svetmightandmagic.cz/mmvii/bestiar/34a.png]
[www.svetmightandmagic.cz/mmvii/bestiar/34b.png]
[www.svetmightandmagic.cz/mmvii/bestiar/34c.png]
[www.svetmightandmagic.cz/mmvii/mmvii_bzobrazenid5e8.html]
[www.svetmightandmagic.cz/mmvii/bestiar/48a.png]
[www.svetmightandmagic.cz/mmvii/bestiar/48b.png]
[www.svetmightandmagic.cz/mmvii/bestiar/48c.png]
[www.svetmightandmagic.cz/mmvii/mmvii_bzobrazeni4944.html]
[www.svetmightandmagic.cz/mmvii/bestiar/07a.png]
[www.svetmightandmagic.cz/mmvii/bestiar/07b.png]
[www.svetmightandmagic.cz/mmvii/mmvii_bzobrazeni8803.html]
[www.svetmightandmagic.cz/mmvii/bestiar/07c.png]
[www.svetmightandmagic.cz/mmvii/bestiar/21a.png]
[www.svetmightandmagic.cz/mmvii/bestiar/21b.png]
[www.svetmightandmagic.cz/mmvii/bestiar/21c.png]
[www.svetmightandmagic.cz/mmvii/mmvii_bzobrazeni6258.html]
[www.svetmightandmagic.cz/mmvii/bestiar/35a.png]
[www.svetmightandmagic.cz/mmvii/bestiar/35b.png]
[www.svetmightandmagic.cz/mmvii/bestiar/35c.png]
[www.svetmightandmagic.cz/mmvii/mmvii_bzobrazeni40ac.html]
[www.svetmightandmagic.cz/mmvii/bestiar/49a.png]
[www.svetmightandmagic.cz/mmvii/bestiar/49b.png]
[www.svetmightandmagic.cz/mmvii/bestiar/49c.png]
[www.svetmightandmagic.cz/mmvii/mmvii_bzobrazeni2568.html]
[www.svetmightandmagic.cz/mmvii/bestiar/08a.png]
[www.svetmightandmagic.cz/mmvii/bestiar/08b.png]
[www.svetmightandmagic.cz/mmvii/bestiar/08c.png]
[www.svetmightandmagic.cz/mmvii/mmvii_bzobrazenic3c9.html]
[www.svetmightandmagic.cz/mmvii/bestiar/22a.png]
[www.svetmightandmagic.cz/mmvii/bestiar/22b.png]
[www.svetmightandmagic.cz/mmvii/bestiar/22c.png]
[www.svetmightandmagic.cz/mmvii/mmvii_bzobrazeni2e5f.html]
[www.svetmightandmagic.cz/mmvii/bestiar/36a.png]
[www.svetmightandmagic.cz/mmvii/bestiar/36b.png]
[www.svetmightandmagic.cz/mmvii/bestiar/36c.png]
[www.svetmightandmagic.cz/mmvii/mmvii_bzobrazenif62c.html]
[www.svetmightandmagic.cz/mmvii/bestiar/50a.png]
[www.svetmightandmagic.cz/mmvii/bestiar/50b.png]
[www.svetmightandmagic.cz/mmvii/mmvii_bzobrazeni0c98.html]
[www.svetmightandmagic.cz/mmvii/bestiar/50c.png]
[www.svetmightandmagic.cz/mmvii/bestiar/09a.png]
[www.svetmightandmagic.cz/mmvii/bestiar/09b.png]
[www.svetmightandmagic.cz/mmvii/bestiar/09c.png]
[www.svetmightandmagic.cz/mmvii/mmvii_bzobrazeni5255.html]
[www.svetmightandmagic.cz/mmvii/bestiar/23a.png]
[www.svetmightandmagic.cz/mmvii/bestiar/23b.png]
[www.svetmightandmagic.cz/mmvii/bestiar/23c.png]
[www.svetmightandmagic.cz/mmvii/mmvii_bzobrazeni9c8a.html]
[www.svetmightandmagic.cz/mmvii/bestiar/37a.png]
[www.svetmightandmagic.cz/mmvii/bestiar/37b.png]
[www.svetmightandmagic.cz/mmvii/bestiar/37c.png]
[www.svetmightandmagic.cz/mmvii/mmvii_bzobrazeni4411.html]
[www.svetmightandmagic.cz/mmvii/bestiar/51a.png]
[www.svetmightandmagic.cz/mmvii/bestiar/51b.png]
[www.svetmightandmagic.cz/mmvii/bestiar/51c.png]
[www.svetmightandmagic.cz/mmvii/mmvii_bzobrazeni7d36.html]
[www.svetmightandmagic.cz/mmvii/bestiar/10a.png]
[www.svetmightandmagic.cz/mmvii/bestiar/10b.png]
[www.svetmightandmagic.cz/mmvii/bestiar/10c.png]
[www.svetmightandmagic.cz/mmvii/mmvii_bzobrazenif41b.html]
[www.svetmightandmagic.cz/mmvii/bestiar/24a.png]
[www.svetmightandmagic.cz/mmvii/bestiar/24b.png]
[www.svetmightandmagic.cz/mmvii/bestiar/24c.png]
[www.svetmightandmagic.cz/mmvii/mmvii_bzobrazeniea25.html]
[www.svetmightandmagic.cz/mmvii/bestiar/38a.png]
[www.svetmightandmagic.cz/mmvii/bestiar/38b.png]
[www.svetmightandmagic.cz/mmvii/bestiar/38c.png]
[www.svetmightandmagic.cz/mmvii/mmvii_bzobrazenicdef.html]
[www.svetmightandmagic.cz/mmvii/bestiar/52a.png]
[www.svetmightandmagic.cz/mmvii/bestiar/52b.png]
[www.svetmightandmagic.cz/mmvii/bestiar/52c.png]
[www.svetmightandmagic.cz/mmvii/mmvii_bzobrazenifddb.html]
[www.svetmightandmagic.cz/mmvii/bestiar/11a.png]
[www.svetmightandmagic.cz/mmvii/bestiar/11b.png]
[www.svetmightandmagic.cz/mmvii/bestiar/11c.png]
[www.svetmightandmagic.cz/mmvii/mmvii_bzobrazeni0055.html]
[www.svetmightandmagic.cz/mmvii/bestiar/25a.png]
[www.svetmightandmagic.cz/mmvii/bestiar/25b.png]
[www.svetmightandmagic.cz/mmvii/mmvii_bzobrazeni9e43.html]
[www.svetmightandmagic.cz/mmvii/bestiar/25c.png]
[www.svetmightandmagic.cz/mmvii/bestiar/39a.png]
[www.svetmightandmagic.cz/mmvii/bestiar/39b.png]
[www.svetmightandmagic.cz/mmvii/bestiar/39c.png]
[www.svetmightandmagic.cz/mmvii/mmvii_bzobrazeni1e35.html]
[www.svetmightandmagic.cz/mmvii/bestiar/53a.png]
[www.svetmightandmagic.cz/mmvii/bestiar/53b.png]
[www.svetmightandmagic.cz/mmvii/bestiar/53c.png]
[www.svetmightandmagic.cz/mmvii/mmvii_bzobrazeni3ca5.html]
[www.svetmightandmagic.cz/mmvii/bestiar/12a.png]
[www.svetmightandmagic.cz/mmvii/bestiar/12b.png]
[www.svetmightandmagic.cz/mmvii/bestiar/12c.png]
[www.svetmightandmagic.cz/mmvii/mmvii_bzobrazeni4ef9.html]
[www.svetmightandmagic.cz/mmvii/bestiar/26a.png]
[www.svetmightandmagic.cz/mmvii/bestiar/26b.png]
[www.svetmightandmagic.cz/mmvii/mmvii_bzobrazeni3162.html]
[www.svetmightandmagic.cz/mmvii/bestiar/26c.png]
[www.svetmightandmagic.cz/mmvii/bestiar/40a.png]
[www.svetmightandmagic.cz/mmvii/bestiar/40b.png]
[www.svetmightandmagic.cz/mmvii/bestiar/40c.png]
[www.svetmightandmagic.cz/mmvii/mmvii_bzobrazeniab5e.html]
[www.svetmightandmagic.cz/mmvii/bestiar/54a.png]
[www.svetmightandmagic.cz/mmvii/bestiar/54b.png]
[www.svetmightandmagic.cz/mmvii/bestiar/54c.png]
[www.svetmightandmagic.cz/mmvii/mmvii_bzobrazeni1e85.html]
[www.svetmightandmagic.cz/mmvii/bestiar/13a.png]
[www.svetmightandmagic.cz/mmvii/bestiar/13b.png]
[www.svetmightandmagic.cz/mmvii/mmvii_bzobrazeni6e03.html]
[www.svetmightandmagic.cz/mmvii/bestiar/13c.png]
[www.svetmightandmagic.cz/mmvii/bestiar/27a.png]
[www.svetmightandmagic.cz/mmvii/bestiar/27b.png]
[www.svetmightandmagic.cz/mmvii/bestiar/27c.png]
[www.svetmightandmagic.cz/mmvii/mmvii_bzobrazeni3773.html]
[www.svetmightandmagic.cz/mmvii/bestiar/41a.png]
[www.svetmightandmagic.cz/mmvii/bestiar/41b.png]
[www.svetmightandmagic.cz/mmvii/bestiar/41c.png]
[www.svetmightandmagic.cz/mmvii/mmvii_bzobrazeni7df0.html]
[www.svetmightandmagic.cz/mmvii/bestiar/55a.png]
[www.svetmightandmagic.cz/mmvii/bestiar/55b.png]
[www.svetmightandmagic.cz/mmvii/bestiar/55c.png]
[www.svetmightandmagic.cz/mmvii/mmvii_bzobrazenia9e4.html]
[www.svetmightandmagic.cz/mmvii/bestiar/14a.png]
[www.svetmightandmagic.cz/mmvii/bestiar/14b.png]
[www.svetmightandmagic.cz/mmvii/mmvii_bzobrazeni87f1.html]
[www.svetmightandmagic.cz/mmvii/bestiar/14c.png]
[www.svetmightandmagic.cz/mmvii/bestiar/28a.png]
[www.svetmightandmagic.cz/mmvii/bestiar/28b.png]
[www.svetmightandmagic.cz/mmvii/bestiar/28c.png]
[www.svetmightandmagic.cz/mmvii/mmvii_bzobrazeni1434.html]
[www.svetmightandmagic.cz/mmvii/bestiar/42a.png]
[www.svetmightandmagic.cz/mmvii/bestiar/42b.png]
[www.svetmightandmagic.cz/mmvii/bestiar/42c.png]
[www.svetmightandmagic.cz/mmvii/mmvii_bzobrazeni6396.html]
[www.svetmightandmagic.cz/mmvii/bestiar/56a.png]
[www.svetmightandmagic.cz/mmvii/bestiar/56b.png]
[www.svetmightandmagic.cz/mmvii/bestiar/56c.png]
[www.svetmightandmagic.cz/mmvii/mmvii_bzobrazeniadbc.html]
[www.svetmightandmagic.cz/mmvii/bestiar/57a.png]
[www.svetmightandmagic.cz/mmvii/bestiar/57b.png]
[www.svetmightandmagic.cz/mmvii/bestiar/57c.png]
[www.svetmightandmagic.cz/mmvii/mmvii_bzobrazeni850a.html]
[www.svetmightandmagic.cz/mmvii/mmvii_mantikora.html]
[www.svetmightandmagic.cz/mmvii/obrazky/mapy/mmvii_oblast01.jpg]
[www.svetmightandmagic.cz/mmvii/mmvii_mapyc7e6.html]
[www.svetmightandmagic.cz/mmvii/obrazky/mapy/mmvii_dungeon01.jpg]
[www.svetmightandmagic.cz/mmvii/mmvii_mapy9f57.html]
[www.svetmightandmagic.cz/mmvii/obrazky/mapy/mmvii_dungeon02.jpg]
[www.svetmightandmagic.cz/mmvii/mmvii_mapyb49f.html]
[www.svetmightandmagic.cz/mmvii/obrazky/mapy/mmvii_oblast02.jpg]
[www.svetmightandmagic.cz/mmvii/mmvii_mapyb6ed.html]
[www.svetmightandmagic.cz/mmvii/obrazky/mapy/mmvii_dungeon03.jpg]
[www.svetmightandmagic.cz/mmvii/mmvii_mapy66d4.html]
[www.svetmightandmagic.cz/mmvii/obrazky/mapy/mmvii_dungeon04.jpg]
[www.svetmightandmagic.cz/mmvii/mmvii_mapy99ee.html]
[www.svetmightandmagic.cz/mmvii/obrazky/mapy/mmvii_oblast03.jpg]
[www.svetmightandmagic.cz/mmvii/mmvii_mapyad4f.html]
[www.svetmightandmagic.cz/mmvii/obrazky/mapy/mmvii_dungeon07.jpg]
[www.svetmightandmagic.cz/mmvii/mmvii_mapyad31.html]
[www.svetmightandmagic.cz/mmvii/obrazky/mapy/mmvii_dungeon06s.jpg]
[www.svetmightandmagic.cz/mmvii/mmvii_mapyfa3e.html]
[www.svetmightandmagic.cz/mmvii/obrazky/mapy/mmvii_dungeon06a.jpg]
[www.svetmightandmagic.cz/mmvii/mmvii_mapy45db.html]
[www.svetmightandmagic.cz/mmvii/obrazky/mapy/mmvii_dungeon06b.jpg]
[www.svetmightandmagic.cz/mmvii/mmvii_mapy1b0a.html]
[www.svetmightandmagic.cz/mmvii/obrazky/mapy/mmvii_dungeon06c.jpg]
[www.svetmightandmagic.cz/mmvii/mmvii_mapy82bc.html]
[www.svetmightandmagic.cz/mmvii/obrazky/mapy/mmvii_dungeon06d.jpg]
[www.svetmightandmagic.cz/mmvii/mmvii_mapy9e1d.html]
[www.svetmightandmagic.cz/mmvii/obrazky/mapy/mmvii_dungeon06e.jpg]
[www.svetmightandmagic.cz/mmvii/mmvii_mapy280b.html]
[www.svetmightandmagic.cz/mmvii/obrazky/mapy/mmvii_dungeon06f.jpg]
[www.svetmightandmagic.cz/mmvii/mmvii_mapy05da.html]
[www.svetmightandmagic.cz/mmvii/obrazky/mapy/mmvii_dungeon06g.jpg]
[www.svetmightandmagic.cz/mmvii/mmvii_mapy01c9.html]
[www.svetmightandmagic.cz/mmvii/obrazky/mapy/mmvii_dungeon06h.jpg]
[www.svetmightandmagic.cz/mmvii/mmvii_mapy5926.html]
[www.svetmightandmagic.cz/mmvii/obrazky/mapy/mmvii_dungeon06i.jpg]
[www.svetmightandmagic.cz/mmvii/mmvii_mapyeb24.html]
[www.svetmightandmagic.cz/mmvii/obrazky/mapy/mmvii_dungeon06j.jpg]
[www.svetmightandmagic.cz/mmvii/mmvii_mapy6f55.html]
[www.svetmightandmagic.cz/mmvii/obrazky/mapy/mmvii_dungeon06k.jpg]
[www.svetmightandmagic.cz/mmvii/mmvii_mapyc442.html]
[www.svetmightandmagic.cz/mmvii/obrazky/mapy/mmvii_dungeon06l.jpg]
[www.svetmightandmagic.cz/mmvii/mmvii_mapy6559.html]
[www.svetmightandmagic.cz/mmvii/obrazky/mapy/mmvii_dungeon06m.jpg]
[www.svetmightandmagic.cz/mmvii/mmvii_mapy8b58.html]
[www.svetmightandmagic.cz/mmvii/obrazky/mapy/mmvii_dungeon06n.jpg]
[www.svetmightandmagic.cz/mmvii/mmvii_mapy93a1.html]
[www.svetmightandmagic.cz/mmvii/obrazky/mapy/mmvii_dungeon06o.jpg]
[www.svetmightandmagic.cz/mmvii/mmvii_mapye3f1.html]
[www.svetmightandmagic.cz/mmvii/obrazky/mapy/mmvii_dungeon06p.jpg]
[www.svetmightandmagic.cz/mmvii/mmvii_mapy5df8.html]
[www.svetmightandmagic.cz/mmvii/obrazky/mapy/mmvii_dungeon05.jpg]
[www.svetmightandmagic.cz/mmvii/mmvii_mapy3d97.html]
[www.svetmightandmagic.cz/mmvii/obrazky/mapy/mmvii_dungeon46.jpg]
[www.svetmightandmagic.cz/mmvii/mmvii_mapye1cb.html]
[www.svetmightandmagic.cz/mmvii/obrazky/mapy/mmvii_oblast04.jpg]
[www.svetmightandmagic.cz/mmvii/mmvii_mapy49f7.html]
[www.svetmightandmagic.cz/mmvii/obrazky/mapy/mmvii_dungeon08.jpg]
[www.svetmightandmagic.cz/mmvii/mmvii_mapybe3e.html]
[www.svetmightandmagic.cz/mmvii/obrazky/mapy/mmvii_dungeon09.jpg]
[www.svetmightandmagic.cz/mmvii/mmvii_mapye567.html]
[www.svetmightandmagic.cz/mmvii/obrazky/mapy/mmvii_dungeon10.jpg]
[www.svetmightandmagic.cz/mmvii/mmvii_mapyea43.html]
[www.svetmightandmagic.cz/mmvii/obrazky/mapy/mmvii_oblast05.jpg]
[www.svetmightandmagic.cz/mmvii/mmvii_mapyc1fa.html]
[www.svetmightandmagic.cz/mmvii/obrazky/mapy/mmvii_dungeon11.jpg]
[www.svetmightandmagic.cz/mmvii/mmvii_mapy7aa0.html]
[www.svetmightandmagic.cz/mmvii/obrazky/mapy/mmvii_dungeon12.jpg]
[www.svetmightandmagic.cz/mmvii/mmvii_mapydeb9.html]
[www.svetmightandmagic.cz/mmvii/obrazky/mapy/mmvii_dungeon13.jpg]
[www.svetmightandmagic.cz/mmvii/mmvii_mapy13a7.html]
[www.svetmightandmagic.cz/mmvii/obrazky/mapy/mmvii_dungeon14.jpg]
[www.svetmightandmagic.cz/mmvii/mmvii_mapyf181.html]
[www.svetmightandmagic.cz/mmvii/obrazky/mapy/mmvii_dungeon15.jpg]
[www.svetmightandmagic.cz/mmvii/mmvii_mapyd0a6.html]
[www.svetmightandmagic.cz/mmvii/obrazky/mapy/mmvii_oblast06.jpg]
[www.svetmightandmagic.cz/mmvii/mmvii_mapye5f2.html]
[www.svetmightandmagic.cz/mmvii/obrazky/mapy/mmvii_dungeon16.jpg]
[www.svetmightandmagic.cz/mmvii/mmvii_mapyb060.html]
[www.svetmightandmagic.cz/mmvii/obrazky/mapy/mmvii_dungeon17.jpg]
[www.svetmightandmagic.cz/mmvii/mmvii_mapyf5c4.html]
[www.svetmightandmagic.cz/mmvii/obrazky/mapy/mmvii_dungeon18.jpg]
[www.svetmightandmagic.cz/mmvii/mmvii_mapy9605.html]
[www.svetmightandmagic.cz/mmvii/obrazky/mapy/mmvii_dungeon19.jpg]
[www.svetmightandmagic.cz/mmvii/mmvii_mapy0446.html]
[www.svetmightandmagic.cz/mmvii/obrazky/mapy/mmvii_dungeon20.jpg]
[www.svetmightandmagic.cz/mmvii/mmvii_mapya0a5.html]
[www.svetmightandmagic.cz/mmvii/obrazky/mapy/mmvii_dungeon21.jpg]
[www.svetmightandmagic.cz/mmvii/mmvii_mapy6618.html]
[www.svetmightandmagic.cz/mmvii/obrazky/mapy/mmvii_oblast07.jpg]
[www.svetmightandmagic.cz/mmvii/mmvii_mapyd017.html]
[www.svetmightandmagic.cz/mmvii/obrazky/mapy/mmvii_dungeon22.jpg]
[www.svetmightandmagic.cz/mmvii/mmvii_mapy5be8.html]
[www.svetmightandmagic.cz/mmvii/obrazky/mapy/mmvii_dungeon23.jpg]
[www.svetmightandmagic.cz/mmvii/mmvii_mapy1869.html]
[www.svetmightandmagic.cz/mmvii/obrazky/mapy/mmvii_dungeon24.jpg]
[www.svetmightandmagic.cz/mmvii/mmvii_mapy0883.html]
[www.svetmightandmagic.cz/mmvii/obrazky/mapy/mmvii_dungeon25.jpg]
[www.svetmightandmagic.cz/mmvii/mmvii_mapy3fc1.html]
[www.svetmightandmagic.cz/mmvii/obrazky/mapy/mmvii_dungeon26.jpg]
[www.svetmightandmagic.cz/mmvii/mmvii_mapy5109.html]
[www.svetmightandmagic.cz/mmvii/obrazky/mapy/mmvii_oblast08.jpg]
[www.svetmightandmagic.cz/mmvii/mmvii_mapy6553.html]
[www.svetmightandmagic.cz/mmvii/obrazky/mapy/mmvii_dungeon27.jpg]
[www.svetmightandmagic.cz/mmvii/mmvii_mapyb101.html]
[www.svetmightandmagic.cz/mmvii/obrazky/mapy/mmvii_dungeon28.jpg]
[www.svetmightandmagic.cz/mmvii/mmvii_mapy0712.html]
[www.svetmightandmagic.cz/mmvii/obrazky/mapy/mmvii_dungeon29.jpg]
[www.svetmightandmagic.cz/mmvii/mmvii_mapy3027.html]
[www.svetmightandmagic.cz/mmvii/obrazky/mapy/mmvii_oblast09.jpg]
[www.svetmightandmagic.cz/mmvii/mmvii_mapyfc0c.html]
[www.svetmightandmagic.cz/mmvii/obrazky/mapy/mmvii_dungeon30.jpg]
[www.svetmightandmagic.cz/mmvii/mmvii_mapy82aa.html]
[www.svetmightandmagic.cz/mmvii/obrazky/mapy/mmvii_dungeon31.jpg]
[www.svetmightandmagic.cz/mmvii/mmvii_mapy8851.html]
[www.svetmightandmagic.cz/mmvii/obrazky/mapy/mmvii_dungeon32.jpg]
[www.svetmightandmagic.cz/mmvii/mmvii_mapy8e6b.html]
[www.svetmightandmagic.cz/mmvii/obrazky/mapy/mmvii_dungeon33.jpg]
[www.svetmightandmagic.cz/mmvii/mmvii_mapyd270.html]
[www.svetmightandmagic.cz/mmvii/obrazky/mapy/mmvii_dungeon34.jpg]
[www.svetmightandmagic.cz/mmvii/mmvii_mapyc06a.html]
[www.svetmightandmagic.cz/mmvii/obrazky/mapy/mmvii_dungeon35.jpg]
[www.svetmightandmagic.cz/mmvii/mmvii_mapya72e.html]
[www.svetmightandmagic.cz/mmvii/obrazky/mapy/mmvii_dungeon36.jpg]
[www.svetmightandmagic.cz/mmvii/mmvii_mapy72c7.html]
[www.svetmightandmagic.cz/mmvii/obrazky/mapy/mmvii_oblast10.jpg]
[www.svetmightandmagic.cz/mmvii/mmvii_mapy25bd.html]
[www.svetmightandmagic.cz/mmvii/obrazky/mapy/mmvii_dungeon37.jpg]
[www.svetmightandmagic.cz/mmvii/mmvii_mapyf7a2.html]
[www.svetmightandmagic.cz/mmvii/obrazky/mapy/mmvii_dungeon38.jpg]
[www.svetmightandmagic.cz/mmvii/mmvii_mapy3ed6.html]
[www.svetmightandmagic.cz/mmvii/obrazky/mapy/mmvii_oblast11.jpg]
[www.svetmightandmagic.cz/mmvii/mmvii_mapycd51.html]
[www.svetmightandmagic.cz/mmvii/obrazky/mapy/mmvii_dungeon39.jpg]
[www.svetmightandmagic.cz/mmvii/mmvii_mapyd2c8.html]
[www.svetmightandmagic.cz/mmvii/obrazky/mapy/mmvii_dungeon40.jpg]
[www.svetmightandmagic.cz/mmvii/mmvii_mapye52d.html]
[www.svetmightandmagic.cz/mmvii/obrazky/mapy/mmvii_oblast12.jpg]
[www.svetmightandmagic.cz/mmvii/mmvii_mapya822.html]
[www.svetmightandmagic.cz/mmvii/obrazky/mapy/mmvii_dungeon41.jpg]
[www.svetmightandmagic.cz/mmvii/mmvii_mapyf690.html]
[www.svetmightandmagic.cz/mmvii/obrazky/mapy/mmvii_dungeon42.jpg]
[www.svetmightandmagic.cz/mmvii/mmvii_mapyb50d.html]
[www.svetmightandmagic.cz/mmvii/obrazky/mapy/mmvii_dungeon43.jpg]
[www.svetmightandmagic.cz/mmvii/mmvii_mapy85e2.html]
[www.svetmightandmagic.cz/mmvii/obrazky/mapy/mmvii_oblast13.jpg]
[www.svetmightandmagic.cz/mmvii/mmvii_mapy9042.html]
[www.svetmightandmagic.cz/mmvii/obrazky/mapy/mmvii_dungeon44.jpg]
[www.svetmightandmagic.cz/mmvii/mmvii_mapyb512.html]
[www.svetmightandmagic.cz/mmvii/obrazky/mapy/mmvii_dungeon45.jpg]
[www.svetmightandmagic.cz/mmvii/mmvii_mapy9fdf.html]
[www.svetmightandmagic.cz/mmvii/mmvii_tab02.html]
[www.svetmightandmagic.cz/mmvii/mmvii_img01.html]
[www.svetmightandmagic.cz/mmvii/mmvii_bzobrazeni33b0.html]
[www.svetmightandmagic.cz/mmvii/mmvii_bzobrazeni1ffe.html]
[www.svetmightandmagic.cz/mmvii/mmvii_bzobrazeni0b48.html]
[www.svetmightandmagic.cz/mmvii/mmvii_bzobrazenif492.html]
[www.svetmightandmagic.cz/mmvii/mmvii_bzobrazenicab6.html]
[www.svetmightandmagic.cz/mmvii/mmvii_bzobrazeni330f.html]
[www.svetmightandmagic.cz/mmvii/mmvii_bzobrazeniaafc.html]
[www.svetmightandmagic.cz/mmvii/mmvii_bzobrazenic3d4.html]
[www.svetmightandmagic.cz/mmvii/mmvii_bzobrazeni8a08.html]
[www.svetmightandmagic.cz/mmvii/obrazky/m02.jpg]
[www.svetmightandmagic.cz/mmvii/obrazky/m01.jpg]
[www.svetmightandmagic.cz/mmvii/obrazky/m04.jpg]
[www.svetmightandmagic.cz/mmvii/obrazky/m03.jpg]
[www.svetmightandmagic.cz/mmvii/obrazky/m06.jpg]
[www.svetmightandmagic.cz/mmvii/obrazky/m05.jpg]
[www.svetmightandmagic.cz/mmvii/mmvii_mantikora.html]
